<?xml version="1.0" encoding="UTF-8"?>
<!-- Generated by org.testng.reporters.JUnitReportReporter -->
<testsuite skipped="0" hostname="LE15-RSA8-IND" name="Test_Package.Day1" tests="2" failures="0" timestamp="2021-08-15T16:27:05 IST" time="0.011" errors="0">
  <testcase name="method" time="0.009" classname="Test_Package.Day1"/>
  <system-out/>
  <testcase name="testcase2" time="0.002" classname="Test_Package.Day1"/>
  <system-out/>
</testsuite> <!-- Test_Package.Day1 -->
